0 info it worked if it ends with ok
1 verbose cli [ 'c:\\Program Files\\nodejs\\node.exe',
1 verbose cli   'c:\\Program Files\\nodejs\\node_modules\\npm\\bin\\npm-cli.js',
1 verbose cli   'install',
1 verbose cli   '--save',
1 verbose cli   'underscore' ]
2 info using npm@5.6.0
3 info using node@v8.10.0
4 silly loadCurrentTree Starting
5 silly install loadCurrentTree
6 silly install readLocalPackageData
7 silly fetchPackageMetaData underscore
8 silly fetchNamedPackageData underscore
9 silly mapToRegistry name underscore
10 silly mapToRegistry using default registry
11 silly mapToRegistry registry https://registry.npmjs.org/
12 silly mapToRegistry data Result {
12 silly mapToRegistry   raw: 'underscore',
12 silly mapToRegistry   scope: null,
12 silly mapToRegistry   escapedName: 'underscore',
12 silly mapToRegistry   name: 'underscore',
12 silly mapToRegistry   rawSpec: '',
12 silly mapToRegistry   spec: 'latest',
12 silly mapToRegistry   type: 'tag' }
13 silly mapToRegistry uri https://registry.npmjs.org/underscore
14 verbose request uri https://registry.npmjs.org/underscore
15 verbose request no auth needed
16 info attempt registry request try #1 at 14:53:33
17 verbose request id f823f2dbc0200d11
18 http request GET https://registry.npmjs.org/underscore
19 http 200 https://registry.npmjs.org/underscore
20 verbose headers { 'content-type': 'application/json; charset=UTF-8',
20 verbose headers   server: 'UploadServer',
20 verbose headers   'cache-control': 'max-age=300',
20 verbose headers   'last-modified': 'Wed, 21 Mar 2018 3:12:48 GMT',
20 verbose headers   etag: '"5ab1cdb0-b2df"',
20 verbose headers   'x-npm-region': 'US-East',
20 verbose headers   'content-encoding': 'gzip',
20 verbose headers   'content-length': '7984',
20 verbose headers   'accept-ranges': 'bytes',
20 verbose headers   date: 'Sun, 01 Apr 2018 18:53:24 GMT',
20 verbose headers   via: '1.1 varnish',
20 verbose headers   age: '8237',
20 verbose headers   connection: 'keep-alive',
20 verbose headers   'x-served-by': 'cache-bos8232-BOS',
20 verbose headers   'x-cache': 'HIT',
20 verbose headers   'x-cache-hits': '1',
20 verbose headers   'x-timer': 'S1522608804.238247,VS0,VE1',
20 verbose headers   vary: 'Accept-Encoding, Accept' }
21 silly get cb [ 200,
21 silly get   { 'content-type': 'application/json; charset=UTF-8',
21 silly get     server: 'UploadServer',
21 silly get     'cache-control': 'max-age=300',
21 silly get     'last-modified': 'Wed, 21 Mar 2018 3:12:48 GMT',
21 silly get     etag: '"5ab1cdb0-b2df"',
21 silly get     'x-npm-region': 'US-East',
21 silly get     'content-encoding': 'gzip',
21 silly get     'content-length': '7984',
21 silly get     'accept-ranges': 'bytes',
21 silly get     date: 'Sun, 01 Apr 2018 18:53:24 GMT',
21 silly get     via: '1.1 varnish',
21 silly get     age: '8237',
21 silly get     connection: 'keep-alive',
21 silly get     'x-served-by': 'cache-bos8232-BOS',
21 silly get     'x-cache': 'HIT',
21 silly get     'x-cache-hits': '1',
21 silly get     'x-timer': 'S1522608804.238247,VS0,VE1',
21 silly get     vary: 'Accept-Encoding, Accept' } ]
22 verbose get saving underscore to C:\Users\Mariam\AppData\Roaming\npm-cache\registry.npmjs.org\underscore\.cache.json
23 verbose correctMkdir C:\Users\Mariam\AppData\Roaming\npm-cache correctMkdir not in flight; initializing
24 silly install normalizeTree
25 silly loadCurrentTree Finishing
26 silly loadIdealTree Starting
27 silly install loadIdealTree
28 silly cloneCurrentTree Starting
29 silly install cloneCurrentTreeToIdealTree
30 silly cloneCurrentTree Finishing
31 silly loadShrinkwrap Starting
32 silly install loadShrinkwrap
33 silly loadShrinkwrap Finishing
34 silly loadAllDepsIntoIdealTree Starting
35 silly install loadAllDepsIntoIdealTree
36 silly resolveWithNewModule underscore@1.8.3 checking installable status
37 silly cache add args [ 'underscore', null ]
38 verbose cache add spec underscore
39 silly cache add parsed spec Result {
39 silly cache add   raw: 'underscore',
39 silly cache add   scope: null,
39 silly cache add   escapedName: 'underscore',
39 silly cache add   name: 'underscore',
39 silly cache add   rawSpec: '',
39 silly cache add   spec: 'latest',
39 silly cache add   type: 'tag' }
40 silly addNamed underscore@latest
41 verbose addNamed "latest" is being treated as a dist-tag for underscore
42 info addNameTag [ 'underscore', 'latest' ]
43 silly mapToRegistry name underscore
44 silly mapToRegistry using default registry
45 silly mapToRegistry registry https://registry.npmjs.org/
46 silly mapToRegistry data Result {
46 silly mapToRegistry   raw: 'underscore',
46 silly mapToRegistry   scope: null,
46 silly mapToRegistry   escapedName: 'underscore',
46 silly mapToRegistry   name: 'underscore',
46 silly mapToRegistry   rawSpec: '',
46 silly mapToRegistry   spec: 'latest',
46 silly mapToRegistry   type: 'tag' }
47 silly mapToRegistry uri https://registry.npmjs.org/underscore
48 verbose addNameTag registry:https://registry.npmjs.org/underscore not in flight; fetching
49 verbose get https://registry.npmjs.org/underscore not expired, no request
50 silly addNameTag next cb for underscore with tag latest
51 silly addNamed underscore@1.8.3
52 verbose addNamed "1.8.3" is a plain semver version for underscore
53 silly mapToRegistry name underscore
54 silly mapToRegistry using default registry
55 silly mapToRegistry registry https://registry.npmjs.org/
56 silly mapToRegistry data Result {
56 silly mapToRegistry   raw: 'underscore',
56 silly mapToRegistry   scope: null,
56 silly mapToRegistry   escapedName: 'underscore',
56 silly mapToRegistry   name: 'underscore',
56 silly mapToRegistry   rawSpec: '',
56 silly mapToRegistry   spec: 'latest',
56 silly mapToRegistry   type: 'tag' }
57 silly mapToRegistry uri https://registry.npmjs.org/underscore
58 verbose addRemoteTarball https://registry.npmjs.org/underscore/-/underscore-1.8.3.tgz not in flight; adding
59 verbose addRemoteTarball [ 'https://registry.npmjs.org/underscore/-/underscore-1.8.3.tgz',
59 verbose addRemoteTarball   '4f3fb53b106e6097fcf9cb4109f2a5e9bdfa5022' ]
60 info retry fetch attempt 1 at 14:53:33
61 info attempt registry request try #1 at 14:53:33
62 http fetch GET https://registry.npmjs.org/underscore/-/underscore-1.8.3.tgz
63 http fetch 200 https://registry.npmjs.org/underscore/-/underscore-1.8.3.tgz
64 silly fetchAndShaCheck shasum 4f3fb53b106e6097fcf9cb4109f2a5e9bdfa5022
65 verbose addTmpTarball C:\Users\Mariam\AppData\Local\Temp\npm-5640-a71f9a4f\registry.npmjs.org\underscore\-\underscore-1.8.3.tgz not in flight; adding
66 verbose addTmpTarball already have metadata; skipping unpack for underscore@1.8.3
67 verbose correctMkdir C:\Users\Mariam\AppData\Roaming\npm-cache correctMkdir not in flight; initializing
68 silly cache afterAdd underscore@1.8.3
69 verbose afterAdd C:\Users\Mariam\AppData\Roaming\npm-cache\underscore\1.8.3\package\package.json not in flight; writing
70 verbose correctMkdir C:\Users\Mariam\AppData\Roaming\npm-cache correctMkdir not in flight; initializing
71 verbose afterAdd C:\Users\Mariam\AppData\Roaming\npm-cache\underscore\1.8.3\package\package.json written
72 verbose stack TypeError: Class constructor  cannot be invoked without 'new'
72 verbose stack     at doUntar (C:\Users\Mariam\AppData\Roaming\nvm\v6.12.3\node_modules\npm\lib\fetch-package-metadata.js:343:33)
72 verbose stack     at doGunzip (C:\Users\Mariam\AppData\Roaming\nvm\v6.12.3\node_modules\npm\lib\fetch-package-metadata.js:339:5)
72 verbose stack     at ReadStream.OD (C:\Users\Mariam\AppData\Roaming\nvm\v6.12.3\node_modules\npm\lib\fetch-package-metadata.js:315:7)
72 verbose stack     at emitOne (events.js:116:13)
72 verbose stack     at ReadStream.emit (events.js:211:7)
72 verbose stack     at addChunk (_stream_readable.js:263:12)
72 verbose stack     at readableAddChunk (_stream_readable.js:250:11)
72 verbose stack     at ReadStream.Readable.push (_stream_readable.js:208:10)
72 verbose stack     at fs.read (fs.js:2051:12)
72 verbose stack     at callback (C:\Users\Mariam\AppData\Roaming\nvm\v6.12.3\node_modules\npm\node_modules\graceful-fs\polyfills.js:108:19)
73 verbose cwd c:\Sites\lj
74 error Windows_NT 10.0.16299
75 error argv "c:\\Program Files\\nodejs\\node.exe" "c:\\Program Files\\nodejs\\node_modules\\npm\\bin\\npm-cli.js" "install" "--save" "underscore"
76 error node v8.10.0
77 error npm  v5.6.0
78 error Class constructor  cannot be invoked without 'new'
79 error If you need help, you may report this error at:
79 error     <https://github.com/npm/npm/issues>
80 verbose exit [ 1, true ]
